<?xml version="1.0" encoding="UTF-8"?>
<testsuite name="{Red}실패할 경우" tests="1" skipped="0" failures="0" errors="0" timestamp="2024-05-03T08:12:02" hostname="MacBook-Pro-2.local" time="0.099">
  <properties/>
  <testcase name="not_moreThan8digits_numberIncludes_upperCaseIncludes()" classname="community.PasswordStrengthMeterTest$RedCases" time="0.099"/>
  <system-out><![CDATA[]]></system-out>
  <system-err><![CDATA[]]></system-err>
</testsuite>
