<?xml version="1.0" encoding="UTF-8"?>
<testsuite name="{Red}실패할 경우" tests="1" skipped="0" failures="0" errors="0" timestamp="2024-05-03T08:31:14" hostname="MacBook-Pro-2.local" time="0.159">
  <properties/>
  <testcase name="password_SpecialCharacter_Input()" classname="community.PasswordStrengthMeterTest$RedCases" time="0.159"/>
  <system-out><![CDATA[]]></system-out>
  <system-err><![CDATA[]]></system-err>
</testsuite>
