<?xml version="1.0" encoding="UTF-8"?>
<testsuite name="chap02.PasswordStrengthMeterTest" tests="1" skipped="0" failures="0" errors="0" timestamp="2024-05-03T15:59:41" hostname="HM-PRO-BOOK.local" time="0.011">
  <properties/>
  <testcase name="숫자 포함 조건만 충족하면 암호 강도는 약함" classname="chap02.PasswordStrengthMeterTest" time="0.011"/>
  <system-out><![CDATA[]]></system-out>
  <system-err><![CDATA[]]></system-err>
</testsuite>
