<?xml version="1.0" encoding="UTF-8"?>
<testsuite name="chap02.PasswordStrengthMeterTest" tests="8" skipped="0" failures="0" errors="0" timestamp="2024-05-03T16:18:50" hostname="HM-PRO-BOOK.local" time="0.018">
  <properties/>
  <testcase name="모든 조건을 만족하면 암호 강도는 강함이어야 한다." classname="chap02.PasswordStrengthMeterTest" time="0.011"/>
  <testcase name="길이가 8글자 이상인 조건만 충족하면 암호 강도는 약함" classname="chap02.PasswordStrengthMeterTest" time="0.0"/>
  <testcase name="값이 없는 경우" classname="chap02.PasswordStrengthMeterTest" time="0.001"/>
  <testcase name="대문자를 포함하지 않고 나머지 조건은 충족하면 암호 강도는 보통이어야 한다." classname="chap02.PasswordStrengthMeterTest" time="0.001"/>
  <testcase name="숫자를 포함하지 않고 나머지 조건은 충족하면 암호 강도는 보통이어야 한다." classname="chap02.PasswordStrengthMeterTest" time="0.0"/>
  <testcase name="숫자 포함 조건만 충족하면 암호 강도는 약함" classname="chap02.PasswordStrengthMeterTest" time="0.0"/>
  <testcase name="대문자 포함 조건만 충족하면 암호 강도는 약함" classname="chap02.PasswordStrengthMeterTest" time="0.001"/>
  <testcase name="길이만 8글자 미만이고 나머지 조건은 충족하면 암호 강도는 보통이어야 한다." classname="chap02.PasswordStrengthMeterTest" time="0.001"/>
  <system-out><![CDATA[]]></system-out>
  <system-err><![CDATA[]]></system-err>
</testsuite>
